bear3EP_Agression
bear9AK_Agression
bear84Q_Agression
bearPDD_Death1
bearVGG_Actions0
bucksYJL_Death0
bullMJ6_Death2
canieLTT_Actions0
cattleAFK_Death1
deer2MB_death1
deerA4K_hide
deerFEL_death1
deerK5L_drink
deerLO1_death1
deerOMG_death1
deerSPL_Actions0
deerVMW_hide
doggieMN5_death1
elephantLN0_act1
elkML_Actions0
foxWDFS_Actions0
foxXAT_death1
foxYSY_death1
foxZED_Hide
goatS4J6Y_death1
grizzRSS_Death1
hippoDG_die
huskydog3T_Death0
lionessHTR42_action0
moose1DOG_death1
moose6OK9_death1
moose45D_death1
pigSTK69_eat1
procySTEM_Death0
pumaRW_Actions0
raccoonVGG_DeathOpp0
zebraBM_eat
rhinoDJ7S_action1
sheepYZR10_idle10
tigerD8H_Death0
